<?xml version="1.0" encoding="UTF-8"?>
<!-- Generated by org.testng.reporters.JUnitReportReporter -->
<testsuite hostname="DESKTOP-SLJDB0A" failures="0" tests="1" name="testCaseRepo.TC_09" time="16.970" errors="0" timestamp="2024-11-01T19:15:27 IST" skipped="0">
  <testcase classname="testCaseRepo.TC_09" name="CON_01" time="16.970"/>
  <system-out/>
</testsuite> <!-- testCaseRepo.TC_09 -->
