<?xml version="1.0" encoding="UTF-8"?>
<!-- Generated by org.testng.reporters.JUnitReportReporter -->
<testsuite hostname="DESKTOP-SLJDB0A" failures="0" tests="1" name="testCaseRepo.TC_002" time="19.921" errors="0" timestamp="2024-11-18T23:19:08 IST" skipped="0">
  <testcase classname="testCaseRepo.TC_002" name="LE_02" time="19.921"/>
  <system-out/>
</testsuite> <!-- testCaseRepo.TC_002 -->
