<?xml version="1.0" encoding="UTF-8"?>
<!-- Generated by org.testng.reporters.JUnitReportReporter -->
<testsuite hostname="DESKTOP-SLJDB0A" failures="0" tests="3" name="sample.TestNGPractice" time="0.021" errors="0" timestamp="2024-10-27T10:19:05 IST" skipped="0">
  <testcase classname="sample.TestNGPractice" name="modifyUser" time="0.002"/>
  <testcase classname="sample.TestNGPractice" name="addUser" time="0.015"/>
  <testcase classname="sample.TestNGPractice" name="deleteUser" time="0.004"/>
</testsuite> <!-- sample.TestNGPractice -->
